18-Oct-2023 15:05:19.022 INFO [localhost-startStop-1] org.apache.catalina.core.ApplicationContext.log ContextListener: contextInitialized()
18-Oct-2023 15:05:19.028 INFO [localhost-startStop-1] org.apache.catalina.core.ApplicationContext.log SessionListener: contextInitialized()
18-Oct-2023 15:05:19.029 INFO [localhost-startStop-1] org.apache.catalina.core.ApplicationContext.log ContextListener: attributeAdded('StockTicker', 'async.Stockticker@39380c85')
18-Oct-2023 15:06:13.969 INFO [localhost-startStop-2] org.apache.catalina.core.ApplicationContext.log SessionListener: contextDestroyed()
18-Oct-2023 15:06:13.969 INFO [localhost-startStop-2] org.apache.catalina.core.ApplicationContext.log ContextListener: contextDestroyed()
18-Oct-2023 15:19:32.480 INFO [localhost-startStop-1] org.apache.catalina.core.ApplicationContext.log ContextListener: contextInitialized()
18-Oct-2023 15:19:32.480 INFO [localhost-startStop-1] org.apache.catalina.core.ApplicationContext.log SessionListener: contextInitialized()
18-Oct-2023 15:19:32.482 INFO [localhost-startStop-1] org.apache.catalina.core.ApplicationContext.log ContextListener: attributeAdded('StockTicker', 'async.Stockticker@688a7f70')
18-Oct-2023 15:25:07.806 INFO [localhost-startStop-2] org.apache.catalina.core.ApplicationContext.log SessionListener: contextDestroyed()
18-Oct-2023 15:25:07.806 INFO [localhost-startStop-2] org.apache.catalina.core.ApplicationContext.log ContextListener: contextDestroyed()
18-Oct-2023 15:25:16.461 INFO [localhost-startStop-1] org.apache.catalina.core.ApplicationContext.log ContextListener: contextInitialized()
18-Oct-2023 15:25:16.461 INFO [localhost-startStop-1] org.apache.catalina.core.ApplicationContext.log SessionListener: contextInitialized()
18-Oct-2023 15:25:16.463 INFO [localhost-startStop-1] org.apache.catalina.core.ApplicationContext.log ContextListener: attributeAdded('StockTicker', 'async.Stockticker@13562b55')
18-Oct-2023 15:26:22.000 INFO [localhost-startStop-2] org.apache.catalina.core.ApplicationContext.log SessionListener: contextDestroyed()
18-Oct-2023 15:26:22.000 INFO [localhost-startStop-2] org.apache.catalina.core.ApplicationContext.log ContextListener: contextDestroyed()
18-Oct-2023 15:26:44.781 INFO [localhost-startStop-1] org.apache.catalina.core.ApplicationContext.log ContextListener: contextInitialized()
18-Oct-2023 15:26:44.781 INFO [localhost-startStop-1] org.apache.catalina.core.ApplicationContext.log SessionListener: contextInitialized()
18-Oct-2023 15:26:44.781 INFO [localhost-startStop-1] org.apache.catalina.core.ApplicationContext.log ContextListener: attributeAdded('StockTicker', 'async.Stockticker@60b95d67')
18-Oct-2023 15:28:17.462 INFO [localhost-startStop-2] org.apache.catalina.core.ApplicationContext.log SessionListener: contextDestroyed()
18-Oct-2023 15:28:17.462 INFO [localhost-startStop-2] org.apache.catalina.core.ApplicationContext.log ContextListener: contextDestroyed()
18-Oct-2023 15:28:23.019 INFO [localhost-startStop-1] org.apache.catalina.core.ApplicationContext.log ContextListener: contextInitialized()
18-Oct-2023 15:28:23.019 INFO [localhost-startStop-1] org.apache.catalina.core.ApplicationContext.log SessionListener: contextInitialized()
18-Oct-2023 15:28:23.019 INFO [localhost-startStop-1] org.apache.catalina.core.ApplicationContext.log ContextListener: attributeAdded('StockTicker', 'async.Stockticker@5aa29de8')
18-Oct-2023 15:41:48.569 INFO [localhost-startStop-2] org.apache.catalina.core.ApplicationContext.log SessionListener: contextDestroyed()
18-Oct-2023 15:41:48.569 INFO [localhost-startStop-2] org.apache.catalina.core.ApplicationContext.log ContextListener: contextDestroyed()
18-Oct-2023 20:51:36.065 INFO [localhost-startStop-1] org.apache.catalina.core.ApplicationContext.log ContextListener: contextInitialized()
18-Oct-2023 20:51:36.065 INFO [localhost-startStop-1] org.apache.catalina.core.ApplicationContext.log SessionListener: contextInitialized()
18-Oct-2023 20:51:36.067 INFO [localhost-startStop-1] org.apache.catalina.core.ApplicationContext.log ContextListener: attributeAdded('StockTicker', 'async.Stockticker@5bc199be')
18-Oct-2023 20:52:20.677 INFO [localhost-startStop-2] org.apache.catalina.core.ApplicationContext.log SessionListener: contextDestroyed()
18-Oct-2023 20:52:20.677 INFO [localhost-startStop-2] org.apache.catalina.core.ApplicationContext.log ContextListener: contextDestroyed()
18-Oct-2023 20:52:31.673 INFO [localhost-startStop-1] org.apache.catalina.core.ApplicationContext.log ContextListener: contextInitialized()
18-Oct-2023 20:52:31.673 INFO [localhost-startStop-1] org.apache.catalina.core.ApplicationContext.log SessionListener: contextInitialized()
18-Oct-2023 20:52:31.675 INFO [localhost-startStop-1] org.apache.catalina.core.ApplicationContext.log ContextListener: attributeAdded('StockTicker', 'async.Stockticker@1a2541b9')
18-Oct-2023 21:02:39.088 SEVERE [http-nio-8080-exec-5] org.apache.catalina.core.StandardWrapperValve.invoke Servlet.service() for servlet [jsp] in context with path [/demo] threw exception [Unable to compile class for JSP: 

An error occurred at line: [14] in the generated java file: [C:\Users\huynh\apache-tomcat-8.5.93-windows-x64\apache-tomcat-8.5.93\work\Catalina\localhost\demo\org\apache\jsp\tbData_jsp.java]
Only a type can be imported. jsp_example.JDBC resolves to a package

An error occurred at line: [15] in the generated java file: [C:\Users\huynh\apache-tomcat-8.5.93-windows-x64\apache-tomcat-8.5.93\work\Catalina\localhost\demo\org\apache\jsp\tbData_jsp.java]
Only a type can be imported. jsp_example.example resolves to a package

An error occurred at line: [23] in the jsp file: [/tbData.jsp]
example cannot be resolved
20:         </tr>
21:         <%
22:             try {
23:                 ResultSet rs = example.GetListClass();
24:                 while (rs.next()) {
25:         %>
26:         <tr>


An error occurred at line: [33] in the jsp file: [/tbData.jsp]
example cannot be resolved
30:         </tr>
31:         <%
32:                 }
33:                 example.CloseCon();
34:             } catch (SQLException e) {
35:                 out.println("<tr><td colspan='3'>Error: " + e.getMessage() + "</td></tr>");
36:             }


Stacktrace:] with root cause
	org.apache.jasper.JasperException: Unable to compile class for JSP: 

An error occurred at line: [14] in the generated java file: [C:\Users\huynh\apache-tomcat-8.5.93-windows-x64\apache-tomcat-8.5.93\work\Catalina\localhost\demo\org\apache\jsp\tbData_jsp.java]
Only a type can be imported. jsp_example.JDBC resolves to a package

An error occurred at line: [15] in the generated java file: [C:\Users\huynh\apache-tomcat-8.5.93-windows-x64\apache-tomcat-8.5.93\work\Catalina\localhost\demo\org\apache\jsp\tbData_jsp.java]
Only a type can be imported. jsp_example.example resolves to a package

An error occurred at line: [23] in the jsp file: [/tbData.jsp]
example cannot be resolved
20:         </tr>
21:         <%
22:             try {
23:                 ResultSet rs = example.GetListClass();
24:                 while (rs.next()) {
25:         %>
26:         <tr>


An error occurred at line: [33] in the jsp file: [/tbData.jsp]
example cannot be resolved
30:         </tr>
31:         <%
32:                 }
33:                 example.CloseCon();
34:             } catch (SQLException e) {
35:                 out.println("<tr><td colspan='3'>Error: " + e.getMessage() + "</td></tr>");
36:             }


Stacktrace:
		at org.apache.jasper.compiler.DefaultErrorHandler.javacError(DefaultErrorHandler.java:102)
		at org.apache.jasper.compiler.ErrorDispatcher.javacError(ErrorDispatcher.java:213)
		at org.apache.jasper.compiler.JDTCompiler.generateClass(JDTCompiler.java:600)
		at org.apache.jasper.compiler.Compiler.compile(Compiler.java:381)
		at org.apache.jasper.compiler.Compiler.compile(Compiler.java:351)
		at org.apache.jasper.compiler.Compiler.compile(Compiler.java:335)
		at org.apache.jasper.JspCompilationContext.compile(JspCompilationContext.java:597)
		at org.apache.jasper.servlet.JspServletWrapper.service(JspServletWrapper.java:398)
		at org.apache.jasper.servlet.JspServlet.serviceJspFile(JspServlet.java:383)
		at org.apache.jasper.servlet.JspServlet.service(JspServlet.java:331)
		at javax.servlet.http.HttpServlet.service(HttpServlet.java:583)
		at org.apache.catalina.core.ApplicationFilterChain.internalDoFilter(ApplicationFilterChain.java:212)
		at org.apache.catalina.core.ApplicationFilterChain.doFilter(ApplicationFilterChain.java:156)
		at org.apache.tomcat.websocket.server.WsFilter.doFilter(WsFilter.java:51)
		at org.apache.catalina.core.ApplicationFilterChain.internalDoFilter(ApplicationFilterChain.java:181)
		at org.apache.catalina.core.ApplicationFilterChain.doFilter(ApplicationFilterChain.java:156)
		at org.apache.catalina.core.StandardWrapperValve.invoke(StandardWrapperValve.java:168)
		at org.apache.catalina.core.StandardContextValve.invoke(StandardContextValve.java:90)
		at org.apache.catalina.authenticator.AuthenticatorBase.invoke(AuthenticatorBase.java:483)
		at org.apache.catalina.core.StandardHostValve.invoke(StandardHostValve.java:130)
		at org.apache.catalina.valves.ErrorReportValve.invoke(ErrorReportValve.java:93)
		at org.apache.catalina.valves.AbstractAccessLogValve.invoke(AbstractAccessLogValve.java:679)
		at org.apache.catalina.core.StandardEngineValve.invoke(StandardEngineValve.java:74)
		at org.apache.catalina.connector.CoyoteAdapter.service(CoyoteAdapter.java:343)
		at org.apache.coyote.http11.Http11Processor.service(Http11Processor.java:617)
		at org.apache.coyote.AbstractProcessorLight.process(AbstractProcessorLight.java:63)
		at org.apache.coyote.AbstractProtocol$ConnectionHandler.process(AbstractProtocol.java:932)
		at org.apache.tomcat.util.net.NioEndpoint$SocketProcessor.doRun(NioEndpoint.java:1694)
		at org.apache.tomcat.util.net.SocketProcessorBase.run(SocketProcessorBase.java:52)
		at org.apache.tomcat.util.threads.ThreadPoolExecutor.runWorker(ThreadPoolExecutor.java:1191)
		at org.apache.tomcat.util.threads.ThreadPoolExecutor$Worker.run(ThreadPoolExecutor.java:659)
		at org.apache.tomcat.util.threads.TaskThread$WrappingRunnable.run(TaskThread.java:61)
		at java.base/java.lang.Thread.run(Thread.java:1623)
18-Oct-2023 21:06:11.173 SEVERE [http-nio-8080-exec-7] org.apache.catalina.core.StandardWrapperValve.invoke Servlet.service() for servlet [jsp] in context with path [/demo] threw exception [Unable to compile class for JSP: 

An error occurred at line: [14] in the generated java file: [C:\Users\huynh\apache-tomcat-8.5.93-windows-x64\apache-tomcat-8.5.93\work\Catalina\localhost\demo\org\apache\jsp\tbData_jsp.java]
Only a type can be imported. jsp_example.JDBC resolves to a package

An error occurred at line: [15] in the generated java file: [C:\Users\huynh\apache-tomcat-8.5.93-windows-x64\apache-tomcat-8.5.93\work\Catalina\localhost\demo\org\apache\jsp\tbData_jsp.java]
Only a type can be imported. jsp_example.example resolves to a package

An error occurred at line: [23] in the jsp file: [/tbData.jsp]
example cannot be resolved
20:         </tr>
21:         <%
22:             try {
23:                 ResultSet rs = example.GetListClass();
24:                 while (rs.next()) {
25:         %>
26:         <tr>


An error occurred at line: [33] in the jsp file: [/tbData.jsp]
example cannot be resolved
30:         </tr>
31:         <%
32:                 }
33:                 example.CloseCon();
34:             } catch (SQLException e) {
35:                 out.println("<tr><td colspan='3'>Error: " + e.getMessage() + "</td></tr>");
36:             }


Stacktrace:] with root cause
	org.apache.jasper.JasperException: Unable to compile class for JSP: 

An error occurred at line: [14] in the generated java file: [C:\Users\huynh\apache-tomcat-8.5.93-windows-x64\apache-tomcat-8.5.93\work\Catalina\localhost\demo\org\apache\jsp\tbData_jsp.java]
Only a type can be imported. jsp_example.JDBC resolves to a package

An error occurred at line: [15] in the generated java file: [C:\Users\huynh\apache-tomcat-8.5.93-windows-x64\apache-tomcat-8.5.93\work\Catalina\localhost\demo\org\apache\jsp\tbData_jsp.java]
Only a type can be imported. jsp_example.example resolves to a package

An error occurred at line: [23] in the jsp file: [/tbData.jsp]
example cannot be resolved
20:         </tr>
21:         <%
22:             try {
23:                 ResultSet rs = example.GetListClass();
24:                 while (rs.next()) {
25:         %>
26:         <tr>


An error occurred at line: [33] in the jsp file: [/tbData.jsp]
example cannot be resolved
30:         </tr>
31:         <%
32:                 }
33:                 example.CloseCon();
34:             } catch (SQLException e) {
35:                 out.println("<tr><td colspan='3'>Error: " + e.getMessage() + "</td></tr>");
36:             }


Stacktrace:
		at org.apache.jasper.compiler.DefaultErrorHandler.javacError(DefaultErrorHandler.java:102)
		at org.apache.jasper.compiler.ErrorDispatcher.javacError(ErrorDispatcher.java:213)
		at org.apache.jasper.compiler.JDTCompiler.generateClass(JDTCompiler.java:600)
		at org.apache.jasper.compiler.Compiler.compile(Compiler.java:381)
		at org.apache.jasper.compiler.Compiler.compile(Compiler.java:351)
		at org.apache.jasper.compiler.Compiler.compile(Compiler.java:335)
		at org.apache.jasper.JspCompilationContext.compile(JspCompilationContext.java:597)
		at org.apache.jasper.servlet.JspServletWrapper.service(JspServletWrapper.java:398)
		at org.apache.jasper.servlet.JspServlet.serviceJspFile(JspServlet.java:383)
		at org.apache.jasper.servlet.JspServlet.service(JspServlet.java:331)
		at javax.servlet.http.HttpServlet.service(HttpServlet.java:583)
		at org.apache.catalina.core.ApplicationFilterChain.internalDoFilter(ApplicationFilterChain.java:212)
		at org.apache.catalina.core.ApplicationFilterChain.doFilter(ApplicationFilterChain.java:156)
		at org.apache.tomcat.websocket.server.WsFilter.doFilter(WsFilter.java:51)
		at org.apache.catalina.core.ApplicationFilterChain.internalDoFilter(ApplicationFilterChain.java:181)
		at org.apache.catalina.core.ApplicationFilterChain.doFilter(ApplicationFilterChain.java:156)
		at org.apache.catalina.core.StandardWrapperValve.invoke(StandardWrapperValve.java:168)
		at org.apache.catalina.core.StandardContextValve.invoke(StandardContextValve.java:90)
		at org.apache.catalina.authenticator.AuthenticatorBase.invoke(AuthenticatorBase.java:483)
		at org.apache.catalina.core.StandardHostValve.invoke(StandardHostValve.java:130)
		at org.apache.catalina.valves.ErrorReportValve.invoke(ErrorReportValve.java:93)
		at org.apache.catalina.valves.AbstractAccessLogValve.invoke(AbstractAccessLogValve.java:679)
		at org.apache.catalina.core.StandardEngineValve.invoke(StandardEngineValve.java:74)
		at org.apache.catalina.connector.CoyoteAdapter.service(CoyoteAdapter.java:343)
		at org.apache.coyote.http11.Http11Processor.service(Http11Processor.java:617)
		at org.apache.coyote.AbstractProcessorLight.process(AbstractProcessorLight.java:63)
		at org.apache.coyote.AbstractProtocol$ConnectionHandler.process(AbstractProtocol.java:932)
		at org.apache.tomcat.util.net.NioEndpoint$SocketProcessor.doRun(NioEndpoint.java:1694)
		at org.apache.tomcat.util.net.SocketProcessorBase.run(SocketProcessorBase.java:52)
		at org.apache.tomcat.util.threads.ThreadPoolExecutor.runWorker(ThreadPoolExecutor.java:1191)
		at org.apache.tomcat.util.threads.ThreadPoolExecutor$Worker.run(ThreadPoolExecutor.java:659)
		at org.apache.tomcat.util.threads.TaskThread$WrappingRunnable.run(TaskThread.java:61)
		at java.base/java.lang.Thread.run(Thread.java:1623)
18-Oct-2023 21:10:12.809 SEVERE [http-nio-8080-exec-9] org.apache.catalina.core.StandardWrapperValve.invoke Servlet.service() for servlet [jsp] in context with path [/demo] threw exception [Unable to compile class for JSP: 

An error occurred at line: [14] in the generated java file: [C:\Users\huynh\apache-tomcat-8.5.93-windows-x64\apache-tomcat-8.5.93\work\Catalina\localhost\demo\org\apache\jsp\tbData_jsp.java]
Only a type can be imported. jsp_example.JDBC resolves to a package

An error occurred at line: [15] in the generated java file: [C:\Users\huynh\apache-tomcat-8.5.93-windows-x64\apache-tomcat-8.5.93\work\Catalina\localhost\demo\org\apache\jsp\tbData_jsp.java]
Only a type can be imported. jsp_example.example resolves to a package

An error occurred at line: [23] in the jsp file: [/tbData.jsp]
example cannot be resolved
20:         </tr>
21:         <%
22:             try {
23:                 ResultSet rs = example.GetListClass();
24:                 while (rs.next()) {
25:         %>
26:         <tr>


An error occurred at line: [33] in the jsp file: [/tbData.jsp]
example cannot be resolved
30:         </tr>
31:         <%
32:                 }
33:                 example.CloseCon();
34:             } catch (SQLException e) {
35:                 out.println("<tr><td colspan='3'>Error: " + e.getMessage() + "</td></tr>");
36:             }


Stacktrace:] with root cause
	org.apache.jasper.JasperException: Unable to compile class for JSP: 

An error occurred at line: [14] in the generated java file: [C:\Users\huynh\apache-tomcat-8.5.93-windows-x64\apache-tomcat-8.5.93\work\Catalina\localhost\demo\org\apache\jsp\tbData_jsp.java]
Only a type can be imported. jsp_example.JDBC resolves to a package

An error occurred at line: [15] in the generated java file: [C:\Users\huynh\apache-tomcat-8.5.93-windows-x64\apache-tomcat-8.5.93\work\Catalina\localhost\demo\org\apache\jsp\tbData_jsp.java]
Only a type can be imported. jsp_example.example resolves to a package

An error occurred at line: [23] in the jsp file: [/tbData.jsp]
example cannot be resolved
20:         </tr>
21:         <%
22:             try {
23:                 ResultSet rs = example.GetListClass();
24:                 while (rs.next()) {
25:         %>
26:         <tr>


An error occurred at line: [33] in the jsp file: [/tbData.jsp]
example cannot be resolved
30:         </tr>
31:         <%
32:                 }
33:                 example.CloseCon();
34:             } catch (SQLException e) {
35:                 out.println("<tr><td colspan='3'>Error: " + e.getMessage() + "</td></tr>");
36:             }


Stacktrace:
		at org.apache.jasper.compiler.DefaultErrorHandler.javacError(DefaultErrorHandler.java:102)
		at org.apache.jasper.compiler.ErrorDispatcher.javacError(ErrorDispatcher.java:213)
		at org.apache.jasper.compiler.JDTCompiler.generateClass(JDTCompiler.java:600)
		at org.apache.jasper.compiler.Compiler.compile(Compiler.java:381)
		at org.apache.jasper.compiler.Compiler.compile(Compiler.java:351)
		at org.apache.jasper.compiler.Compiler.compile(Compiler.java:335)
		at org.apache.jasper.JspCompilationContext.compile(JspCompilationContext.java:597)
		at org.apache.jasper.servlet.JspServletWrapper.service(JspServletWrapper.java:398)
		at org.apache.jasper.servlet.JspServlet.serviceJspFile(JspServlet.java:383)
		at org.apache.jasper.servlet.JspServlet.service(JspServlet.java:331)
		at javax.servlet.http.HttpServlet.service(HttpServlet.java:583)
		at org.apache.catalina.core.ApplicationFilterChain.internalDoFilter(ApplicationFilterChain.java:212)
		at org.apache.catalina.core.ApplicationFilterChain.doFilter(ApplicationFilterChain.java:156)
		at org.apache.tomcat.websocket.server.WsFilter.doFilter(WsFilter.java:51)
		at org.apache.catalina.core.ApplicationFilterChain.internalDoFilter(ApplicationFilterChain.java:181)
		at org.apache.catalina.core.ApplicationFilterChain.doFilter(ApplicationFilterChain.java:156)
		at org.apache.catalina.core.StandardWrapperValve.invoke(StandardWrapperValve.java:168)
		at org.apache.catalina.core.StandardContextValve.invoke(StandardContextValve.java:90)
		at org.apache.catalina.authenticator.AuthenticatorBase.invoke(AuthenticatorBase.java:483)
		at org.apache.catalina.core.StandardHostValve.invoke(StandardHostValve.java:130)
		at org.apache.catalina.valves.ErrorReportValve.invoke(ErrorReportValve.java:93)
		at org.apache.catalina.valves.AbstractAccessLogValve.invoke(AbstractAccessLogValve.java:679)
		at org.apache.catalina.core.StandardEngineValve.invoke(StandardEngineValve.java:74)
		at org.apache.catalina.connector.CoyoteAdapter.service(CoyoteAdapter.java:343)
		at org.apache.coyote.http11.Http11Processor.service(Http11Processor.java:617)
		at org.apache.coyote.AbstractProcessorLight.process(AbstractProcessorLight.java:63)
		at org.apache.coyote.AbstractProtocol$ConnectionHandler.process(AbstractProtocol.java:932)
		at org.apache.tomcat.util.net.NioEndpoint$SocketProcessor.doRun(NioEndpoint.java:1694)
		at org.apache.tomcat.util.net.SocketProcessorBase.run(SocketProcessorBase.java:52)
		at org.apache.tomcat.util.threads.ThreadPoolExecutor.runWorker(ThreadPoolExecutor.java:1191)
		at org.apache.tomcat.util.threads.ThreadPoolExecutor$Worker.run(ThreadPoolExecutor.java:659)
		at org.apache.tomcat.util.threads.TaskThread$WrappingRunnable.run(TaskThread.java:61)
		at java.base/java.lang.Thread.run(Thread.java:1623)
18-Oct-2023 21:16:07.024 SEVERE [http-nio-8080-exec-1] org.apache.catalina.core.StandardWrapperValve.invoke Servlet.service() for servlet [jsp] in context with path [/demo] threw exception [Unable to compile class for JSP: 

An error occurred at line: [14] in the generated java file: [C:\Users\huynh\apache-tomcat-8.5.93-windows-x64\apache-tomcat-8.5.93\work\Catalina\localhost\demo\org\apache\jsp\tbData_jsp.java]
Only a type can be imported. jsp_example.JDBC resolves to a package

An error occurred at line: [15] in the generated java file: [C:\Users\huynh\apache-tomcat-8.5.93-windows-x64\apache-tomcat-8.5.93\work\Catalina\localhost\demo\org\apache\jsp\tbData_jsp.java]
Only a type can be imported. jsp_example.example resolves to a package

An error occurred at line: [23] in the jsp file: [/tbData.jsp]
example cannot be resolved
20:         </tr>
21:         <%
22:             try {
23:                 ResultSet rs = example.GetListClass();
24:                 while (rs.next()) {
25:         %>
26:         <tr>


An error occurred at line: [33] in the jsp file: [/tbData.jsp]
example cannot be resolved
30:         </tr>
31:         <%
32:                 }
33:                 example.CloseCon();
34:             } catch (SQLException e) {
35:                 out.println("<tr><td colspan='3'>Error: " + e.getMessage() + "</td></tr>");
36:             }


Stacktrace:] with root cause
	org.apache.jasper.JasperException: Unable to compile class for JSP: 

An error occurred at line: [14] in the generated java file: [C:\Users\huynh\apache-tomcat-8.5.93-windows-x64\apache-tomcat-8.5.93\work\Catalina\localhost\demo\org\apache\jsp\tbData_jsp.java]
Only a type can be imported. jsp_example.JDBC resolves to a package

An error occurred at line: [15] in the generated java file: [C:\Users\huynh\apache-tomcat-8.5.93-windows-x64\apache-tomcat-8.5.93\work\Catalina\localhost\demo\org\apache\jsp\tbData_jsp.java]
Only a type can be imported. jsp_example.example resolves to a package

An error occurred at line: [23] in the jsp file: [/tbData.jsp]
example cannot be resolved
20:         </tr>
21:         <%
22:             try {
23:                 ResultSet rs = example.GetListClass();
24:                 while (rs.next()) {
25:         %>
26:         <tr>


An error occurred at line: [33] in the jsp file: [/tbData.jsp]
example cannot be resolved
30:         </tr>
31:         <%
32:                 }
33:                 example.CloseCon();
34:             } catch (SQLException e) {
35:                 out.println("<tr><td colspan='3'>Error: " + e.getMessage() + "</td></tr>");
36:             }


Stacktrace:
		at org.apache.jasper.compiler.DefaultErrorHandler.javacError(DefaultErrorHandler.java:102)
		at org.apache.jasper.compiler.ErrorDispatcher.javacError(ErrorDispatcher.java:213)
		at org.apache.jasper.compiler.JDTCompiler.generateClass(JDTCompiler.java:600)
		at org.apache.jasper.compiler.Compiler.compile(Compiler.java:381)
		at org.apache.jasper.compiler.Compiler.compile(Compiler.java:351)
		at org.apache.jasper.compiler.Compiler.compile(Compiler.java:335)
		at org.apache.jasper.JspCompilationContext.compile(JspCompilationContext.java:597)
		at org.apache.jasper.servlet.JspServletWrapper.service(JspServletWrapper.java:398)
		at org.apache.jasper.servlet.JspServlet.serviceJspFile(JspServlet.java:383)
		at org.apache.jasper.servlet.JspServlet.service(JspServlet.java:331)
		at javax.servlet.http.HttpServlet.service(HttpServlet.java:583)
		at org.apache.catalina.core.ApplicationFilterChain.internalDoFilter(ApplicationFilterChain.java:212)
		at org.apache.catalina.core.ApplicationFilterChain.doFilter(ApplicationFilterChain.java:156)
		at org.apache.tomcat.websocket.server.WsFilter.doFilter(WsFilter.java:51)
		at org.apache.catalina.core.ApplicationFilterChain.internalDoFilter(ApplicationFilterChain.java:181)
		at org.apache.catalina.core.ApplicationFilterChain.doFilter(ApplicationFilterChain.java:156)
		at org.apache.catalina.core.StandardWrapperValve.invoke(StandardWrapperValve.java:168)
		at org.apache.catalina.core.StandardContextValve.invoke(StandardContextValve.java:90)
		at org.apache.catalina.authenticator.AuthenticatorBase.invoke(AuthenticatorBase.java:483)
		at org.apache.catalina.core.StandardHostValve.invoke(StandardHostValve.java:130)
		at org.apache.catalina.valves.ErrorReportValve.invoke(ErrorReportValve.java:93)
		at org.apache.catalina.valves.AbstractAccessLogValve.invoke(AbstractAccessLogValve.java:679)
		at org.apache.catalina.core.StandardEngineValve.invoke(StandardEngineValve.java:74)
		at org.apache.catalina.connector.CoyoteAdapter.service(CoyoteAdapter.java:343)
		at org.apache.coyote.http11.Http11Processor.service(Http11Processor.java:617)
		at org.apache.coyote.AbstractProcessorLight.process(AbstractProcessorLight.java:63)
		at org.apache.coyote.AbstractProtocol$ConnectionHandler.process(AbstractProtocol.java:932)
		at org.apache.tomcat.util.net.NioEndpoint$SocketProcessor.doRun(NioEndpoint.java:1694)
		at org.apache.tomcat.util.net.SocketProcessorBase.run(SocketProcessorBase.java:52)
		at org.apache.tomcat.util.threads.ThreadPoolExecutor.runWorker(ThreadPoolExecutor.java:1191)
		at org.apache.tomcat.util.threads.ThreadPoolExecutor$Worker.run(ThreadPoolExecutor.java:659)
		at org.apache.tomcat.util.threads.TaskThread$WrappingRunnable.run(TaskThread.java:61)
		at java.base/java.lang.Thread.run(Thread.java:1623)
18-Oct-2023 21:18:10.842 SEVERE [http-nio-8080-exec-4] org.apache.catalina.core.StandardWrapperValve.invoke Servlet.service() for servlet [jsp] in context with path [/demo] threw exception [Unable to compile class for JSP: 

An error occurred at line: [14] in the generated java file: [C:\Users\huynh\apache-tomcat-8.5.93-windows-x64\apache-tomcat-8.5.93\work\Catalina\localhost\demo\org\apache\jsp\tbData_jsp.java]
Only a type can be imported. jsp_example.JDBC resolves to a package

An error occurred at line: [15] in the generated java file: [C:\Users\huynh\apache-tomcat-8.5.93-windows-x64\apache-tomcat-8.5.93\work\Catalina\localhost\demo\org\apache\jsp\tbData_jsp.java]
Only a type can be imported. jsp_example.example resolves to a package

An error occurred at line: [23] in the jsp file: [/tbData.jsp]
example cannot be resolved
20:         </tr>
21:         <%
22:             try {
23:                 ResultSet rs = example.GetListClass();
24:                 while (rs.next()) {
25:         %>
26:         <tr>


An error occurred at line: [33] in the jsp file: [/tbData.jsp]
example cannot be resolved
30:         </tr>
31:         <%
32:                 }
33:                 example.CloseCon();
34:             } catch (SQLException e) {
35:                 out.println("<tr><td colspan='3'>Error: " + e.getMessage() + "</td></tr>");
36:             }


Stacktrace:] with root cause
	org.apache.jasper.JasperException: Unable to compile class for JSP: 

An error occurred at line: [14] in the generated java file: [C:\Users\huynh\apache-tomcat-8.5.93-windows-x64\apache-tomcat-8.5.93\work\Catalina\localhost\demo\org\apache\jsp\tbData_jsp.java]
Only a type can be imported. jsp_example.JDBC resolves to a package

An error occurred at line: [15] in the generated java file: [C:\Users\huynh\apache-tomcat-8.5.93-windows-x64\apache-tomcat-8.5.93\work\Catalina\localhost\demo\org\apache\jsp\tbData_jsp.java]
Only a type can be imported. jsp_example.example resolves to a package

An error occurred at line: [23] in the jsp file: [/tbData.jsp]
example cannot be resolved
20:         </tr>
21:         <%
22:             try {
23:                 ResultSet rs = example.GetListClass();
24:                 while (rs.next()) {
25:         %>
26:         <tr>


An error occurred at line: [33] in the jsp file: [/tbData.jsp]
example cannot be resolved
30:         </tr>
31:         <%
32:                 }
33:                 example.CloseCon();
34:             } catch (SQLException e) {
35:                 out.println("<tr><td colspan='3'>Error: " + e.getMessage() + "</td></tr>");
36:             }


Stacktrace:
		at org.apache.jasper.compiler.DefaultErrorHandler.javacError(DefaultErrorHandler.java:102)
		at org.apache.jasper.compiler.ErrorDispatcher.javacError(ErrorDispatcher.java:213)
		at org.apache.jasper.compiler.JDTCompiler.generateClass(JDTCompiler.java:600)
		at org.apache.jasper.compiler.Compiler.compile(Compiler.java:381)
		at org.apache.jasper.compiler.Compiler.compile(Compiler.java:351)
		at org.apache.jasper.compiler.Compiler.compile(Compiler.java:335)
		at org.apache.jasper.JspCompilationContext.compile(JspCompilationContext.java:597)
		at org.apache.jasper.servlet.JspServletWrapper.service(JspServletWrapper.java:398)
		at org.apache.jasper.servlet.JspServlet.serviceJspFile(JspServlet.java:383)
		at org.apache.jasper.servlet.JspServlet.service(JspServlet.java:331)
		at javax.servlet.http.HttpServlet.service(HttpServlet.java:583)
		at org.apache.catalina.core.ApplicationFilterChain.internalDoFilter(ApplicationFilterChain.java:212)
		at org.apache.catalina.core.ApplicationFilterChain.doFilter(ApplicationFilterChain.java:156)
		at org.apache.tomcat.websocket.server.WsFilter.doFilter(WsFilter.java:51)
		at org.apache.catalina.core.ApplicationFilterChain.internalDoFilter(ApplicationFilterChain.java:181)
		at org.apache.catalina.core.ApplicationFilterChain.doFilter(ApplicationFilterChain.java:156)
		at org.apache.catalina.core.StandardWrapperValve.invoke(StandardWrapperValve.java:168)
		at org.apache.catalina.core.StandardContextValve.invoke(StandardContextValve.java:90)
		at org.apache.catalina.authenticator.AuthenticatorBase.invoke(AuthenticatorBase.java:483)
		at org.apache.catalina.core.StandardHostValve.invoke(StandardHostValve.java:130)
		at org.apache.catalina.valves.ErrorReportValve.invoke(ErrorReportValve.java:93)
		at org.apache.catalina.valves.AbstractAccessLogValve.invoke(AbstractAccessLogValve.java:679)
		at org.apache.catalina.core.StandardEngineValve.invoke(StandardEngineValve.java:74)
		at org.apache.catalina.connector.CoyoteAdapter.service(CoyoteAdapter.java:343)
		at org.apache.coyote.http11.Http11Processor.service(Http11Processor.java:617)
		at org.apache.coyote.AbstractProcessorLight.process(AbstractProcessorLight.java:63)
		at org.apache.coyote.AbstractProtocol$ConnectionHandler.process(AbstractProtocol.java:932)
		at org.apache.tomcat.util.net.NioEndpoint$SocketProcessor.doRun(NioEndpoint.java:1694)
		at org.apache.tomcat.util.net.SocketProcessorBase.run(SocketProcessorBase.java:52)
		at org.apache.tomcat.util.threads.ThreadPoolExecutor.runWorker(ThreadPoolExecutor.java:1191)
		at org.apache.tomcat.util.threads.ThreadPoolExecutor$Worker.run(ThreadPoolExecutor.java:659)
		at org.apache.tomcat.util.threads.TaskThread$WrappingRunnable.run(TaskThread.java:61)
		at java.base/java.lang.Thread.run(Thread.java:1623)
18-Oct-2023 21:18:44.372 SEVERE [http-nio-8080-exec-5] org.apache.catalina.core.StandardWrapperValve.invoke Servlet.service() for servlet [jsp] in context with path [/demo] threw exception [Unable to compile class for JSP: 

An error occurred at line: [14] in the generated java file: [C:\Users\huynh\apache-tomcat-8.5.93-windows-x64\apache-tomcat-8.5.93\work\Catalina\localhost\demo\org\apache\jsp\tbData_jsp.java]
Only a type can be imported. jsp_example.JDBC resolves to a package

An error occurred at line: [15] in the generated java file: [C:\Users\huynh\apache-tomcat-8.5.93-windows-x64\apache-tomcat-8.5.93\work\Catalina\localhost\demo\org\apache\jsp\tbData_jsp.java]
Only a type can be imported. jsp_example.example resolves to a package

An error occurred at line: [23] in the jsp file: [/tbData.jsp]
example cannot be resolved
20:         </tr>
21:         <%
22:             try {
23:                 ResultSet rs = example.GetListClass();
24:                 while (rs.next()) {
25:         %>
26:         <tr>


An error occurred at line: [33] in the jsp file: [/tbData.jsp]
example cannot be resolved
30:         </tr>
31:         <%
32:                 }
33:                 example.CloseCon();
34:             } catch (SQLException e) {
35:                 out.println("<tr><td colspan='3'>Error: " + e.getMessage() + "</td></tr>");
36:             }


Stacktrace:] with root cause
	org.apache.jasper.JasperException: Unable to compile class for JSP: 

An error occurred at line: [14] in the generated java file: [C:\Users\huynh\apache-tomcat-8.5.93-windows-x64\apache-tomcat-8.5.93\work\Catalina\localhost\demo\org\apache\jsp\tbData_jsp.java]
Only a type can be imported. jsp_example.JDBC resolves to a package

An error occurred at line: [15] in the generated java file: [C:\Users\huynh\apache-tomcat-8.5.93-windows-x64\apache-tomcat-8.5.93\work\Catalina\localhost\demo\org\apache\jsp\tbData_jsp.java]
Only a type can be imported. jsp_example.example resolves to a package

An error occurred at line: [23] in the jsp file: [/tbData.jsp]
example cannot be resolved
20:         </tr>
21:         <%
22:             try {
23:                 ResultSet rs = example.GetListClass();
24:                 while (rs.next()) {
25:         %>
26:         <tr>


An error occurred at line: [33] in the jsp file: [/tbData.jsp]
example cannot be resolved
30:         </tr>
31:         <%
32:                 }
33:                 example.CloseCon();
34:             } catch (SQLException e) {
35:                 out.println("<tr><td colspan='3'>Error: " + e.getMessage() + "</td></tr>");
36:             }


Stacktrace:
		at org.apache.jasper.compiler.DefaultErrorHandler.javacError(DefaultErrorHandler.java:102)
		at org.apache.jasper.compiler.ErrorDispatcher.javacError(ErrorDispatcher.java:213)
		at org.apache.jasper.compiler.JDTCompiler.generateClass(JDTCompiler.java:600)
		at org.apache.jasper.compiler.Compiler.compile(Compiler.java:381)
		at org.apache.jasper.compiler.Compiler.compile(Compiler.java:351)
		at org.apache.jasper.compiler.Compiler.compile(Compiler.java:335)
		at org.apache.jasper.JspCompilationContext.compile(JspCompilationContext.java:597)
		at org.apache.jasper.servlet.JspServletWrapper.service(JspServletWrapper.java:398)
		at org.apache.jasper.servlet.JspServlet.serviceJspFile(JspServlet.java:383)
		at org.apache.jasper.servlet.JspServlet.service(JspServlet.java:331)
		at javax.servlet.http.HttpServlet.service(HttpServlet.java:583)
		at org.apache.catalina.core.ApplicationFilterChain.internalDoFilter(ApplicationFilterChain.java:212)
		at org.apache.catalina.core.ApplicationFilterChain.doFilter(ApplicationFilterChain.java:156)
		at org.apache.tomcat.websocket.server.WsFilter.doFilter(WsFilter.java:51)
		at org.apache.catalina.core.ApplicationFilterChain.internalDoFilter(ApplicationFilterChain.java:181)
		at org.apache.catalina.core.ApplicationFilterChain.doFilter(ApplicationFilterChain.java:156)
		at org.apache.catalina.core.StandardWrapperValve.invoke(StandardWrapperValve.java:168)
		at org.apache.catalina.core.StandardContextValve.invoke(StandardContextValve.java:90)
		at org.apache.catalina.authenticator.AuthenticatorBase.invoke(AuthenticatorBase.java:483)
		at org.apache.catalina.core.StandardHostValve.invoke(StandardHostValve.java:130)
		at org.apache.catalina.valves.ErrorReportValve.invoke(ErrorReportValve.java:93)
		at org.apache.catalina.valves.AbstractAccessLogValve.invoke(AbstractAccessLogValve.java:679)
		at org.apache.catalina.core.StandardEngineValve.invoke(StandardEngineValve.java:74)
		at org.apache.catalina.connector.CoyoteAdapter.service(CoyoteAdapter.java:343)
		at org.apache.coyote.http11.Http11Processor.service(Http11Processor.java:617)
		at org.apache.coyote.AbstractProcessorLight.process(AbstractProcessorLight.java:63)
		at org.apache.coyote.AbstractProtocol$ConnectionHandler.process(AbstractProtocol.java:932)
		at org.apache.tomcat.util.net.NioEndpoint$SocketProcessor.doRun(NioEndpoint.java:1694)
		at org.apache.tomcat.util.net.SocketProcessorBase.run(SocketProcessorBase.java:52)
		at org.apache.tomcat.util.threads.ThreadPoolExecutor.runWorker(ThreadPoolExecutor.java:1191)
		at org.apache.tomcat.util.threads.ThreadPoolExecutor$Worker.run(ThreadPoolExecutor.java:659)
		at org.apache.tomcat.util.threads.TaskThread$WrappingRunnable.run(TaskThread.java:61)
		at java.base/java.lang.Thread.run(Thread.java:1623)
18-Oct-2023 21:20:19.423 INFO [localhost-startStop-2] org.apache.catalina.core.ApplicationContext.log SessionListener: contextDestroyed()
18-Oct-2023 21:20:19.423 INFO [localhost-startStop-2] org.apache.catalina.core.ApplicationContext.log ContextListener: contextDestroyed()
